{"/home/aemelianovich/hexlet/frontend-project-lvl2/src/comparison.js": {"path":"/home/aemelianovich/hexlet/frontend-project-lvl2/src/comparison.js","statementMap":{"0":{"start":{"line":1,"column":0},"end":{"line":1,"column":23}},"1":{"start":{"line":2,"column":0},"end":{"line":2,"column":0}},"2":{"start":{"line":3,"column":0},"end":{"line":3,"column":20}},"3":{"start":{"line":4,"column":0},"end":{"line":4,"column":17}},"4":{"start":{"line":5,"column":0},"end":{"line":5,"column":17}},"5":{"start":{"line":6,"column":0},"end":{"line":6,"column":19}},"6":{"start":{"line":7,"column":0},"end":{"line":7,"column":30}},"7":{"start":{"line":8,"column":0},"end":{"line":8,"column":23}},"8":{"start":{"line":9,"column":0},"end":{"line":9,"column":25}},"9":{"start":{"line":10,"column":0},"end":{"line":10,"column":28}},"10":{"start":{"line":11,"column":0},"end":{"line":11,"column":25}},"11":{"start":{"line":12,"column":0},"end":{"line":12,"column":0}},"12":{"start":{"line":13,"column":0},"end":{"line":13,"column":39}},"13":{"start":{"line":14,"column":0},"end":{"line":14,"column":39}},"14":{"start":{"line":15,"column":0},"end":{"line":15,"column":0}},"15":{"start":{"line":16,"column":0},"end":{"line":16,"column":26}},"16":{"start":{"line":17,"column":0},"end":{"line":17,"column":55}},"17":{"start":{"line":18,"column":0},"end":{"line":18,"column":65}},"18":{"start":{"line":19,"column":0},"end":{"line":19,"column":0}},"19":{"start":{"line":20,"column":0},"end":{"line":20,"column":28}},"20":{"start":{"line":21,"column":0},"end":{"line":21,"column":57}},"21":{"start":{"line":22,"column":0},"end":{"line":22,"column":69}},"22":{"start":{"line":23,"column":0},"end":{"line":23,"column":0}},"23":{"start":{"line":24,"column":0},"end":{"line":24,"column":43}},"24":{"start":{"line":25,"column":0},"end":{"line":25,"column":58}},"25":{"start":{"line":26,"column":0},"end":{"line":26,"column":32}},"26":{"start":{"line":27,"column":0},"end":{"line":27,"column":34}},"27":{"start":{"line":28,"column":0},"end":{"line":28,"column":42}},"28":{"start":{"line":29,"column":0},"end":{"line":29,"column":14}},"29":{"start":{"line":30,"column":0},"end":{"line":30,"column":51}},"30":{"start":{"line":31,"column":0},"end":{"line":31,"column":7}},"31":{"start":{"line":32,"column":0},"end":{"line":32,"column":7}},"32":{"start":{"line":33,"column":0},"end":{"line":33,"column":4}},"33":{"start":{"line":34,"column":0},"end":{"line":34,"column":49}},"34":{"start":{"line":35,"column":0},"end":{"line":35,"column":62}},"35":{"start":{"line":36,"column":0},"end":{"line":36,"column":4}},"36":{"start":{"line":37,"column":0},"end":{"line":37,"column":20}},"37":{"start":{"line":38,"column":0},"end":{"line":38,"column":22}},"38":{"start":{"line":39,"column":0},"end":{"line":39,"column":34}},"39":{"start":{"line":40,"column":0},"end":{"line":40,"column":43}},"40":{"start":{"line":41,"column":0},"end":{"line":41,"column":81}},"41":{"start":{"line":42,"column":0},"end":{"line":42,"column":79}},"42":{"start":{"line":43,"column":0},"end":{"line":43,"column":9}},"43":{"start":{"line":44,"column":0},"end":{"line":44,"column":12}},"44":{"start":{"line":45,"column":0},"end":{"line":45,"column":15}},"45":{"start":{"line":46,"column":0},"end":{"line":46,"column":20}},"46":{"start":{"line":47,"column":0},"end":{"line":47,"column":27}},"47":{"start":{"line":48,"column":0},"end":{"line":48,"column":32}},"48":{"start":{"line":49,"column":0},"end":{"line":49,"column":16}},"49":{"start":{"line":50,"column":0},"end":{"line":50,"column":29}},"50":{"start":{"line":51,"column":0},"end":{"line":51,"column":34}},"51":{"start":{"line":52,"column":0},"end":{"line":52,"column":16}},"52":{"start":{"line":53,"column":0},"end":{"line":53,"column":32}},"53":{"start":{"line":54,"column":0},"end":{"line":54,"column":32}},"54":{"start":{"line":55,"column":0},"end":{"line":55,"column":16}},"55":{"start":{"line":56,"column":0},"end":{"line":56,"column":16}},"56":{"start":{"line":57,"column":0},"end":{"line":57,"column":46}},"57":{"start":{"line":58,"column":0},"end":{"line":58,"column":7}},"58":{"start":{"line":59,"column":0},"end":{"line":59,"column":0}},"59":{"start":{"line":60,"column":0},"end":{"line":60,"column":43}},"60":{"start":{"line":61,"column":0},"end":{"line":61,"column":66}},"61":{"start":{"line":62,"column":0},"end":{"line":62,"column":9}},"62":{"start":{"line":63,"column":0},"end":{"line":63,"column":5}},"63":{"start":{"line":64,"column":0},"end":{"line":64,"column":0}},"64":{"start":{"line":65,"column":0},"end":{"line":65,"column":29}},"65":{"start":{"line":66,"column":0},"end":{"line":66,"column":4}},"66":{"start":{"line":67,"column":0},"end":{"line":67,"column":14}},"67":{"start":{"line":68,"column":0},"end":{"line":68,"column":25}},"68":{"start":{"line":69,"column":0},"end":{"line":69,"column":0}},"69":{"start":{"line":70,"column":0},"end":{"line":70,"column":54}},"70":{"start":{"line":71,"column":0},"end":{"line":71,"column":51}},"71":{"start":{"line":72,"column":0},"end":{"line":72,"column":49}},"72":{"start":{"line":73,"column":0},"end":{"line":73,"column":51}},"73":{"start":{"line":74,"column":0},"end":{"line":74,"column":0}},"74":{"start":{"line":75,"column":0},"end":{"line":75,"column":21}},"75":{"start":{"line":76,"column":0},"end":{"line":76,"column":0}},"76":{"start":{"line":77,"column":0},"end":{"line":77,"column":29}},"77":{"start":{"line":78,"column":0},"end":{"line":78,"column":4}},"78":{"start":{"line":79,"column":0},"end":{"line":79,"column":2}},"79":{"start":{"line":80,"column":0},"end":{"line":80,"column":0}},"80":{"start":{"line":81,"column":0},"end":{"line":81,"column":26}}},"s":{"0":1,"1":1,"2":1,"3":1,"4":1,"5":1,"6":1,"7":1,"8":1,"9":1,"10":1,"11":1,"12":1,"13":1,"14":1,"15":1,"16":1,"17":1,"18":1,"19":1,"20":1,"21":1,"22":1,"23":1,"24":1,"25":1,"26":2,"27":1,"28":1,"29":1,"30":1,"31":1,"32":1,"33":1,"34":6,"35":1,"36":1,"37":4,"38":4,"39":1,"40":1,"41":1,"42":1,"43":4,"44":3,"45":3,"46":3,"47":1,"48":1,"49":3,"50":1,"51":1,"52":3,"53":1,"54":1,"55":3,"56":0,"57":3,"58":3,"59":3,"60":4,"61":3,"62":3,"63":4,"64":4,"65":1,"66":1,"67":1,"68":1,"69":1,"70":1,"71":1,"72":1,"73":1,"74":1,"75":1,"76":1,"77":1,"78":1,"79":1,"80":1},"branchMap":{"0":{"type":"branch","line":1,"loc":{"start":{"line":1,"column":0},"end":{"line":81,"column":26}},"locations":[{"start":{"line":1,"column":0},"end":{"line":81,"column":26}}]},"1":{"type":"branch","line":7,"loc":{"start":{"line":7,"column":2},"end":{"line":33,"column":3}},"locations":[{"start":{"line":7,"column":2},"end":{"line":33,"column":3}}]},"2":{"type":"branch","line":18,"loc":{"start":{"line":18,"column":22},"end":{"line":18,"column":63}},"locations":[{"start":{"line":18,"column":22},"end":{"line":18,"column":63}}]},"3":{"type":"branch","line":22,"loc":{"start":{"line":22,"column":24},"end":{"line":22,"column":67}},"locations":[{"start":{"line":22,"column":24},"end":{"line":22,"column":67}}]},"4":{"type":"branch","line":26,"loc":{"start":{"line":26,"column":23},"end":{"line":32,"column":5}},"locations":[{"start":{"line":26,"column":23},"end":{"line":32,"column":5}}]},"5":{"type":"branch","line":27,"loc":{"start":{"line":27,"column":33},"end":{"line":31,"column":7}},"locations":[{"start":{"line":27,"column":33},"end":{"line":31,"column":7}}]},"6":{"type":"branch","line":34,"loc":{"start":{"line":34,"column":2},"end":{"line":36,"column":3}},"locations":[{"start":{"line":34,"column":2},"end":{"line":36,"column":3}}]},"7":{"type":"branch","line":37,"loc":{"start":{"line":37,"column":2},"end":{"line":66,"column":3}},"locations":[{"start":{"line":37,"column":2},"end":{"line":66,"column":3}}]},"8":{"type":"branch","line":39,"loc":{"start":{"line":39,"column":33},"end":{"line":44,"column":5}},"locations":[{"start":{"line":39,"column":33},"end":{"line":44,"column":5}}]},"9":{"type":"branch","line":44,"loc":{"start":{"line":44,"column":5},"end":{"line":63,"column":5}},"locations":[{"start":{"line":44,"column":5},"end":{"line":63,"column":5}}]},"10":{"type":"branch","line":47,"loc":{"start":{"line":47,"column":8},"end":{"line":49,"column":16}},"locations":[{"start":{"line":47,"column":8},"end":{"line":49,"column":16}}]},"11":{"type":"branch","line":50,"loc":{"start":{"line":50,"column":8},"end":{"line":52,"column":16}},"locations":[{"start":{"line":50,"column":8},"end":{"line":52,"column":16}}]},"12":{"type":"branch","line":53,"loc":{"start":{"line":53,"column":8},"end":{"line":55,"column":16}},"locations":[{"start":{"line":53,"column":8},"end":{"line":55,"column":16}}]},"13":{"type":"branch","line":56,"loc":{"start":{"line":56,"column":8},"end":{"line":57,"column":46}},"locations":[{"start":{"line":56,"column":8},"end":{"line":57,"column":46}}]},"14":{"type":"branch","line":40,"loc":{"start":{"line":40,"column":34},"end":{"line":43,"column":7}},"locations":[{"start":{"line":40,"column":34},"end":{"line":43,"column":7}}]},"15":{"type":"branch","line":60,"loc":{"start":{"line":60,"column":34},"end":{"line":62,"column":7}},"locations":[{"start":{"line":60,"column":34},"end":{"line":62,"column":7}}]},"16":{"type":"branch","line":67,"loc":{"start":{"line":67,"column":2},"end":{"line":78,"column":3}},"locations":[{"start":{"line":67,"column":2},"end":{"line":78,"column":3}}]}},"b":{"0":[1],"1":[1],"2":[1],"3":[2],"4":[2],"5":[1],"6":[6],"7":[4],"8":[1],"9":[3],"10":[1],"11":[1],"12":[1],"13":[0],"14":[1],"15":[4],"16":[1]},"fnMap":{"0":{"name":"initComparison","decl":{"start":{"line":7,"column":2},"end":{"line":33,"column":3}},"loc":{"start":{"line":7,"column":2},"end":{"line":33,"column":3}},"line":7},"1":{"name":"toStringKeyValue","decl":{"start":{"line":34,"column":2},"end":{"line":36,"column":3}},"loc":{"start":{"line":34,"column":2},"end":{"line":36,"column":3}},"line":34},"2":{"name":"toStringObj","decl":{"start":{"line":37,"column":2},"end":{"line":66,"column":3}},"loc":{"start":{"line":37,"column":2},"end":{"line":66,"column":3}},"line":37},"3":{"name":"toString","decl":{"start":{"line":67,"column":2},"end":{"line":78,"column":3}},"loc":{"start":{"line":67,"column":2},"end":{"line":78,"column":3}},"line":67}},"f":{"0":1,"1":6,"2":4,"3":1}}
,"/home/aemelianovich/hexlet/frontend-project-lvl2/src/index.js": {"path":"/home/aemelianovich/hexlet/frontend-project-lvl2/src/index.js","statementMap":{"0":{"start":{"line":1,"column":0},"end":{"line":1,"column":38}},"1":{"start":{"line":2,"column":0},"end":{"line":2,"column":41}},"2":{"start":{"line":3,"column":0},"end":{"line":3,"column":0}},"3":{"start":{"line":4,"column":0},"end":{"line":4,"column":52}},"4":{"start":{"line":5,"column":0},"end":{"line":5,"column":51}},"5":{"start":{"line":6,"column":0},"end":{"line":6,"column":51}},"6":{"start":{"line":7,"column":0},"end":{"line":7,"column":0}},"7":{"start":{"line":8,"column":0},"end":{"line":8,"column":51}},"8":{"start":{"line":9,"column":0},"end":{"line":9,"column":52}},"9":{"start":{"line":10,"column":0},"end":{"line":10,"column":0}},"10":{"start":{"line":11,"column":0},"end":{"line":11,"column":35}},"11":{"start":{"line":12,"column":0},"end":{"line":12,"column":2}},"12":{"start":{"line":13,"column":0},"end":{"line":13,"column":0}},"13":{"start":{"line":14,"column":0},"end":{"line":14,"column":32}}},"s":{"0":1,"1":1,"2":1,"3":1,"4":1,"5":1,"6":1,"7":1,"8":1,"9":1,"10":1,"11":1,"12":1,"13":1},"branchMap":{"0":{"type":"branch","line":1,"loc":{"start":{"line":1,"column":0},"end":{"line":14,"column":32}},"locations":[{"start":{"line":1,"column":0},"end":{"line":14,"column":32}}]},"1":{"type":"branch","line":4,"loc":{"start":{"line":4,"column":25},"end":{"line":12,"column":1}},"locations":[{"start":{"line":4,"column":25},"end":{"line":12,"column":1}}]}},"b":{"0":[1],"1":[1]},"fnMap":{"0":{"name":"compareJsonFiles","decl":{"start":{"line":4,"column":25},"end":{"line":12,"column":1}},"loc":{"start":{"line":4,"column":25},"end":{"line":12,"column":1}},"line":4}},"f":{"0":1}}
,"/home/aemelianovich/hexlet/frontend-project-lvl2/src/utils.js": {"path":"/home/aemelianovich/hexlet/frontend-project-lvl2/src/utils.js","statementMap":{"0":{"start":{"line":1,"column":0},"end":{"line":1,"column":24}},"1":{"start":{"line":2,"column":0},"end":{"line":2,"column":20}},"2":{"start":{"line":3,"column":0},"end":{"line":3,"column":36}},"3":{"start":{"line":4,"column":0},"end":{"line":4,"column":0}},"4":{"start":{"line":5,"column":0},"end":{"line":5,"column":50}},"5":{"start":{"line":6,"column":0},"end":{"line":6,"column":43}},"6":{"start":{"line":7,"column":0},"end":{"line":7,"column":0}},"7":{"start":{"line":8,"column":0},"end":{"line":8,"column":90}},"8":{"start":{"line":9,"column":0},"end":{"line":9,"column":85}},"9":{"start":{"line":10,"column":0},"end":{"line":10,"column":0}},"10":{"start":{"line":11,"column":0},"end":{"line":11,"column":32}},"11":{"start":{"line":12,"column":0},"end":{"line":12,"column":46}},"12":{"start":{"line":13,"column":0},"end":{"line":13,"column":54}},"13":{"start":{"line":14,"column":0},"end":{"line":14,"column":0}},"14":{"start":{"line":15,"column":0},"end":{"line":15,"column":14}},"15":{"start":{"line":16,"column":0},"end":{"line":16,"column":2}},"16":{"start":{"line":17,"column":0},"end":{"line":17,"column":0}},"17":{"start":{"line":18,"column":0},"end":{"line":18,"column":49}}},"s":{"0":1,"1":1,"2":1,"3":1,"4":1,"5":1,"6":1,"7":1,"8":1,"9":1,"10":1,"11":2,"12":2,"13":2,"14":2,"15":1,"16":1,"17":1},"branchMap":{"0":{"type":"branch","line":1,"loc":{"start":{"line":1,"column":0},"end":{"line":18,"column":49}},"locations":[{"start":{"line":1,"column":0},"end":{"line":18,"column":49}}]},"1":{"type":"branch","line":8,"loc":{"start":{"line":8,"column":23},"end":{"line":8,"column":89}},"locations":[{"start":{"line":8,"column":23},"end":{"line":8,"column":89}}]},"2":{"type":"branch","line":9,"loc":{"start":{"line":9,"column":20},"end":{"line":9,"column":84}},"locations":[{"start":{"line":9,"column":20},"end":{"line":9,"column":84}}]},"3":{"type":"branch","line":11,"loc":{"start":{"line":11,"column":17},"end":{"line":16,"column":1}},"locations":[{"start":{"line":11,"column":17},"end":{"line":16,"column":1}}]}},"b":{"0":[1],"1":[2],"2":[1],"3":[2]},"fnMap":{"0":{"name":"getFixturePath","decl":{"start":{"line":8,"column":23},"end":{"line":8,"column":89}},"loc":{"start":{"line":8,"column":23},"end":{"line":8,"column":89}},"line":8},"1":{"name":"readFixture","decl":{"start":{"line":9,"column":20},"end":{"line":9,"column":84}},"loc":{"start":{"line":9,"column":20},"end":{"line":9,"column":84}},"line":9},"2":{"name":"readFile","decl":{"start":{"line":11,"column":17},"end":{"line":16,"column":1}},"loc":{"start":{"line":11,"column":17},"end":{"line":16,"column":1}},"line":11}},"f":{"0":2,"1":1,"2":2}}
}
