TN:
SF:src/comparison.js
FN:7,initComparison
FN:34,toStringKeyValue
FN:37,toStringObj
FN:67,toString
FNF:4
FNH:4
FNDA:1,initComparison
FNDA:6,toStringKeyValue
FNDA:4,toStringObj
FNDA:1,toString
DA:1,1
DA:2,1
DA:3,1
DA:4,1
DA:5,1
DA:6,1
DA:7,1
DA:8,1
DA:9,1
DA:10,1
DA:11,1
DA:12,1
DA:13,1
DA:14,1
DA:15,1
DA:16,1
DA:17,1
DA:18,1
DA:19,1
DA:20,1
DA:21,1
DA:22,1
DA:23,1
DA:24,1
DA:25,1
DA:26,1
DA:27,2
DA:28,1
DA:29,1
DA:30,1
DA:31,1
DA:32,1
DA:33,1
DA:34,1
DA:35,6
DA:36,1
DA:37,1
DA:38,4
DA:39,4
DA:40,1
DA:41,1
DA:42,1
DA:43,1
DA:44,4
DA:45,3
DA:46,3
DA:47,3
DA:48,1
DA:49,1
DA:50,3
DA:51,1
DA:52,1
DA:53,3
DA:54,1
DA:55,1
DA:56,3
DA:57,0
DA:58,3
DA:59,3
DA:60,3
DA:61,4
DA:62,3
DA:63,3
DA:64,4
DA:65,4
DA:66,1
DA:67,1
DA:68,1
DA:69,1
DA:70,1
DA:71,1
DA:72,1
DA:73,1
DA:74,1
DA:75,1
DA:76,1
DA:77,1
DA:78,1
DA:79,1
DA:80,1
DA:81,1
LF:81
LH:80
BRDA:1,0,0,1
BRDA:7,1,0,1
BRDA:18,2,0,1
BRDA:22,3,0,2
BRDA:26,4,0,2
BRDA:27,5,0,1
BRDA:34,6,0,6
BRDA:37,7,0,4
BRDA:39,8,0,1
BRDA:44,9,0,3
BRDA:47,10,0,1
BRDA:50,11,0,1
BRDA:53,12,0,1
BRDA:56,13,0,0
BRDA:40,14,0,1
BRDA:60,15,0,4
BRDA:67,16,0,1
BRF:17
BRH:16
end_of_record
TN:
SF:src/index.js
FN:4,compareJsonFiles
FNF:1
FNH:1
FNDA:1,compareJsonFiles
DA:1,1
DA:2,1
DA:3,1
DA:4,1
DA:5,1
DA:6,1
DA:7,1
DA:8,1
DA:9,1
DA:10,1
DA:11,1
DA:12,1
DA:13,1
DA:14,1
LF:14
LH:14
BRDA:1,0,0,1
BRDA:4,1,0,1
BRF:2
BRH:2
end_of_record
TN:
SF:src/utils.js
FN:8,getFixturePath
FN:9,readFixture
FN:11,readFile
FNF:3
FNH:3
FNDA:2,getFixturePath
FNDA:1,readFixture
FNDA:2,readFile
DA:1,1
DA:2,1
DA:3,1
DA:4,1
DA:5,1
DA:6,1
DA:7,1
DA:8,1
DA:9,1
DA:10,1
DA:11,1
DA:12,2
DA:13,2
DA:14,2
DA:15,2
DA:16,1
DA:17,1
DA:18,1
LF:18
LH:18
BRDA:1,0,0,1
BRDA:8,1,0,2
BRDA:9,2,0,1
BRDA:11,3,0,2
BRF:4
BRH:4
end_of_record
